<?xml version="1.0" encoding="utf-8"?>
<!DOCTYPE coverage SYSTEM "http://cobertura.sourceforge.net/xml/coverage-04.dtd">
<coverage line-rate="0.5728643216080402" branch-rate="0.5816326530612245" lines-covered="228" lines-valid="398" branches-covered="57" branches-valid="98" complexity="NaN" version="0" timestamp="1730213580">
  <sources>
    <source>src/main/java/dev/coms4156/project/druginteraction</source>
  </sources>
  <packages>
    <package name="dev/coms4156/project/druginteraction" line-rate="0.5728643216080402" branch-rate="0.5816326530612245" complexity="NaN">
      <classes>
        <class name="dev/coms4156/project/druginteraction/DrugInteraction" filename="src/main/java/dev/coms4156/project/druginteraction/DrugInteraction.java" line-rate="0.5" branch-rate="1" complexity="NaN">
          <methods>
            <method name="&lt;init&gt;" signature="()" line-rate="1" branch-rate="1" complexity="NaN">
              <lines>
                <line number="16" hits="1" branch="false" />
              </lines>
            </method>
            <method name="main" signature="([Ljava/lang/String;)" line-rate="0" branch-rate="1" complexity="NaN">
              <lines>
                <line number="23" hits="0" branch="false" />
                <line number="25" hits="0" branch="false" />
                <line number="26" hits="0" branch="false" />
              </lines>
            </method>
            <method name="run" signature="([Ljava/lang/String;)" line-rate="1" branch-rate="1" complexity="NaN">
              <lines>
                <line number="36" hits="1" branch="false" />
                <line number="37" hits="1" branch="false" />
              </lines>
            </method>
          </methods>
          <lines>
            <line number="16" hits="1" branch="false" />
            <line number="23" hits="0" branch="false" />
            <line number="25" hits="0" branch="false" />
            <line number="26" hits="0" branch="false" />
            <line number="36" hits="1" branch="false" />
            <line number="37" hits="1" branch="false" />
          </lines>
        </class>
        <class name="dev/coms4156/project/druginteraction/Drugs" filename="src/main/java/dev/coms4156/project/druginteraction/Drugs.java" line-rate="0.7640449438202247" branch-rate="0.75" complexity="NaN">
          <methods>
            <method name="&lt;init&gt;" signature="(Ldev/coms4156/project/druginteraction/FirebaseService;Lcom/google/cloud/firestore/Firestore;)" line-rate="1" branch-rate="1" complexity="NaN">
              <lines>
                <line number="28" hits="1" branch="false" />
                <line number="29" hits="1" branch="false" />
                <line number="30" hits="1" branch="false" />
                <line number="31" hits="1" branch="false" />
              </lines>
            </method>
            <method name="getDrug" signature="(Ljava/lang/String;)" line-rate="0.625" branch-rate="1" complexity="NaN">
              <lines>
                <line number="41" hits="1" branch="false" />
                <line number="42" hits="1" branch="false" />
                <line number="43" hits="1" branch="true" condition-coverage="100% (2/2)" />
                <line number="44" hits="1" branch="false" />
                <line number="46" hits="1" branch="false" />
                <line number="48" hits="0" branch="false" />
                <line number="49" hits="0" branch="false" />
                <line number="50" hits="0" branch="false" />
              </lines>
            </method>
            <method name="addDrug" signature="(Ljava/util/Map;)" line-rate="0.75" branch-rate="0.5" complexity="NaN">
              <lines>
                <line number="62" hits="1" branch="false" />
                <line number="63" hits="1" branch="true" condition-coverage="50% (2/4)" />
                <line number="64" hits="0" branch="false" />
                <line number="68" hits="1" branch="false" />
                <line number="69" hits="1" branch="false" />
                <line number="71" hits="1" branch="false" />
                <line number="72" hits="1" branch="false" />
                <line number="73" hits="1" branch="false" />
                <line number="74" hits="1" branch="false" />
                <line number="76" hits="1" branch="false" />
                <line number="79" hits="1" branch="false" />
                <line number="80" hits="1" branch="false" />
                <line number="82" hits="1" branch="false" />
                <line number="83" hits="0" branch="false" />
                <line number="84" hits="0" branch="false" />
                <line number="85" hits="0" branch="false" />
              </lines>
            </method>
            <method name="updateDrug" signature="(Ljava/lang/String;Ljava/util/Map;)" line-rate="0.8" branch-rate="1" complexity="NaN">
              <lines>
                <line number="98" hits="1" branch="false" />
                <line number="99" hits="1" branch="false" />
                <line number="101" hits="1" branch="true" condition-coverage="100% (2/2)" />
                <line number="102" hits="1" branch="false" />
                <line number="106" hits="1" branch="false" />
                <line number="107" hits="1" branch="false" />
                <line number="109" hits="1" branch="false" />
                <line number="110" hits="1" branch="false" />
                <line number="113" hits="1" branch="false" />
                <line number="114" hits="1" branch="false" />
                <line number="115" hits="1" branch="false" />
                <line number="117" hits="1" branch="false" />
                <line number="118" hits="0" branch="false" />
                <line number="119" hits="0" branch="false" />
                <line number="120" hits="0" branch="false" />
              </lines>
            </method>
            <method name="removeDrug" signature="(Ljava/lang/String;)" line-rate="0.625" branch-rate="1" complexity="NaN">
              <lines>
                <line number="132" hits="1" branch="false" />
                <line number="133" hits="1" branch="false" />
                <line number="134" hits="1" branch="false" />
                <line number="135" hits="1" branch="false" />
                <line number="136" hits="1" branch="false" />
                <line number="137" hits="0" branch="false" />
                <line number="138" hits="0" branch="false" />
                <line number="139" hits="0" branch="false" />
              </lines>
            </method>
            <method name="getAllDrugs" signature="()" line-rate="0.8461538461538461" branch-rate="0.75" complexity="NaN">
              <lines>
                <line number="149" hits="1" branch="false" />
                <line number="152" hits="1" branch="false" />
                <line number="153" hits="1" branch="false" />
                <line number="154" hits="1" branch="false" />
                <line number="156" hits="1" branch="false" />
                <line number="158" hits="1" branch="true" condition-coverage="50% (1/2)" />
                <line number="159" hits="1" branch="true" condition-coverage="100% (2/2)" />
                <line number="160" hits="1" branch="false" />
                <line number="161" hits="1" branch="false" />
                <line number="163" hits="0" branch="false" />
                <line number="164" hits="0" branch="false" />
                <line number="165" hits="1" branch="false" />
                <line number="167" hits="1" branch="false" />
              </lines>
            </method>
            <method name="getInteraction" signature="(Ljava/lang/String;)" line-rate="0.76" branch-rate="0.75" complexity="NaN">
              <lines>
                <line number="177" hits="1" branch="false" />
                <line number="181" hits="1" branch="false" />
                <line number="182" hits="1" branch="false" />
                <line number="183" hits="1" branch="false" />
                <line number="184" hits="1" branch="false" />
                <line number="185" hits="1" branch="false" />
                <line number="187" hits="1" branch="true" condition-coverage="100% (2/2)" />
                <line number="188" hits="1" branch="false" />
                <line number="189" hits="1" branch="false" />
                <line number="190" hits="1" branch="false" />
                <line number="192" hits="1" branch="false" />
                <line number="195" hits="1" branch="false" />
                <line number="196" hits="1" branch="false" />
                <line number="197" hits="1" branch="false" />
                <line number="198" hits="1" branch="false" />
                <line number="200" hits="1" branch="false" />
                <line number="202" hits="1" branch="true" condition-coverage="50% (1/2)" />
                <line number="203" hits="0" branch="false" />
                <line number="204" hits="0" branch="false" />
                <line number="205" hits="0" branch="false" />
                <line number="207" hits="0" branch="false" />
                <line number="208" hits="0" branch="false" />
                <line number="209" hits="0" branch="false" />
                <line number="210" hits="1" branch="false" />
                <line number="211" hits="1" branch="false" />
              </lines>
            </method>
          </methods>
          <lines>
            <line number="28" hits="1" branch="false" />
            <line number="29" hits="1" branch="false" />
            <line number="30" hits="1" branch="false" />
            <line number="31" hits="1" branch="false" />
            <line number="41" hits="1" branch="false" />
            <line number="42" hits="1" branch="false" />
            <line number="43" hits="1" branch="true" condition-coverage="100% (2/2)" />
            <line number="44" hits="1" branch="false" />
            <line number="46" hits="1" branch="false" />
            <line number="48" hits="0" branch="false" />
            <line number="49" hits="0" branch="false" />
            <line number="50" hits="0" branch="false" />
            <line number="62" hits="1" branch="false" />
            <line number="63" hits="1" branch="true" condition-coverage="50% (2/4)" />
            <line number="64" hits="0" branch="false" />
            <line number="68" hits="1" branch="false" />
            <line number="69" hits="1" branch="false" />
            <line number="71" hits="1" branch="false" />
            <line number="72" hits="1" branch="false" />
            <line number="73" hits="1" branch="false" />
            <line number="74" hits="1" branch="false" />
            <line number="76" hits="1" branch="false" />
            <line number="79" hits="1" branch="false" />
            <line number="80" hits="1" branch="false" />
            <line number="82" hits="1" branch="false" />
            <line number="83" hits="0" branch="false" />
            <line number="84" hits="0" branch="false" />
            <line number="85" hits="0" branch="false" />
            <line number="98" hits="1" branch="false" />
            <line number="99" hits="1" branch="false" />
            <line number="101" hits="1" branch="true" condition-coverage="100% (2/2)" />
            <line number="102" hits="1" branch="false" />
            <line number="106" hits="1" branch="false" />
            <line number="107" hits="1" branch="false" />
            <line number="109" hits="1" branch="false" />
            <line number="110" hits="1" branch="false" />
            <line number="113" hits="1" branch="false" />
            <line number="114" hits="1" branch="false" />
            <line number="115" hits="1" branch="false" />
            <line number="117" hits="1" branch="false" />
            <line number="118" hits="0" branch="false" />
            <line number="119" hits="0" branch="false" />
            <line number="120" hits="0" branch="false" />
            <line number="132" hits="1" branch="false" />
            <line number="133" hits="1" branch="false" />
            <line number="134" hits="1" branch="false" />
            <line number="135" hits="1" branch="false" />
            <line number="136" hits="1" branch="false" />
            <line number="137" hits="0" branch="false" />
            <line number="138" hits="0" branch="false" />
            <line number="139" hits="0" branch="false" />
            <line number="149" hits="1" branch="false" />
            <line number="152" hits="1" branch="false" />
            <line number="153" hits="1" branch="false" />
            <line number="154" hits="1" branch="false" />
            <line number="156" hits="1" branch="false" />
            <line number="158" hits="1" branch="true" condition-coverage="50% (1/2)" />
            <line number="159" hits="1" branch="true" condition-coverage="100% (2/2)" />
            <line number="160" hits="1" branch="false" />
            <line number="161" hits="1" branch="false" />
            <line number="163" hits="0" branch="false" />
            <line number="164" hits="0" branch="false" />
            <line number="165" hits="1" branch="false" />
            <line number="167" hits="1" branch="false" />
            <line number="177" hits="1" branch="false" />
            <line number="181" hits="1" branch="false" />
            <line number="182" hits="1" branch="false" />
            <line number="183" hits="1" branch="false" />
            <line number="184" hits="1" branch="false" />
            <line number="185" hits="1" branch="false" />
            <line number="187" hits="1" branch="true" condition-coverage="100% (2/2)" />
            <line number="188" hits="1" branch="false" />
            <line number="189" hits="1" branch="false" />
            <line number="190" hits="1" branch="false" />
            <line number="192" hits="1" branch="false" />
            <line number="195" hits="1" branch="false" />
            <line number="196" hits="1" branch="false" />
            <line number="197" hits="1" branch="false" />
            <line number="198" hits="1" branch="false" />
            <line number="200" hits="1" branch="false" />
            <line number="202" hits="1" branch="true" condition-coverage="50% (1/2)" />
            <line number="203" hits="0" branch="false" />
            <line number="204" hits="0" branch="false" />
            <line number="205" hits="0" branch="false" />
            <line number="207" hits="0" branch="false" />
            <line number="208" hits="0" branch="false" />
            <line number="209" hits="0" branch="false" />
            <line number="210" hits="1" branch="false" />
            <line number="211" hits="1" branch="false" />
          </lines>
        </class>
        <class name="dev/coms4156/project/druginteraction/FirebaseConfig" filename="src/main/java/dev/coms4156/project/druginteraction/FirebaseConfig.java" line-rate="0.6470588235294118" branch-rate="0.5" complexity="NaN">
          <methods>
            <method name="&lt;init&gt;" signature="()" line-rate="1" branch-rate="1" complexity="NaN">
              <lines>
                <line number="20" hits="1" branch="false" />
              </lines>
            </method>
            <method name="firebaseApp" signature="()" line-rate="0.7272727272727273" branch-rate="0.5" complexity="NaN">
              <lines>
                <line number="31" hits="1" branch="false" />
                <line number="33" hits="1" branch="true" condition-coverage="50% (2/4)" />
                <line number="34" hits="1" branch="false" />
                <line number="35" hits="1" branch="false" />
                <line number="36" hits="1" branch="false" />
                <line number="37" hits="1" branch="false" />
                <line number="38" hits="1" branch="false" />
                <line number="39" hits="0" branch="false" />
                <line number="40" hits="0" branch="false" />
                <line number="41" hits="0" branch="false" />
                <line number="45" hits="1" branch="false" />
              </lines>
            </method>
            <method name="firestore" signature="(Lcom/google/firebase/FirebaseApp;)" line-rate="0.4" branch-rate="0.5" complexity="NaN">
              <lines>
                <line number="58" hits="1" branch="true" condition-coverage="50% (1/2)" />
                <line number="59" hits="1" branch="false" />
                <line number="61" hits="0" branch="false" />
                <line number="63" hits="0" branch="false" />
                <line number="64" hits="0" branch="false" />
              </lines>
            </method>
          </methods>
          <lines>
            <line number="20" hits="1" branch="false" />
            <line number="31" hits="1" branch="false" />
            <line number="33" hits="1" branch="true" condition-coverage="50% (2/4)" />
            <line number="34" hits="1" branch="false" />
            <line number="35" hits="1" branch="false" />
            <line number="36" hits="1" branch="false" />
            <line number="37" hits="1" branch="false" />
            <line number="38" hits="1" branch="false" />
            <line number="39" hits="0" branch="false" />
            <line number="40" hits="0" branch="false" />
            <line number="41" hits="0" branch="false" />
            <line number="45" hits="1" branch="false" />
            <line number="58" hits="1" branch="true" condition-coverage="50% (1/2)" />
            <line number="59" hits="1" branch="false" />
            <line number="61" hits="0" branch="false" />
            <line number="63" hits="0" branch="false" />
            <line number="64" hits="0" branch="false" />
          </lines>
        </class>
        <class name="dev/coms4156/project/druginteraction/FirebaseService" filename="src/main/java/dev/coms4156/project/druginteraction/FirebaseService.java" line-rate="0.47761194029850745" branch-rate="0.5" complexity="NaN">
          <methods>
            <method name="&lt;init&gt;" signature="(Lcom/google/firebase/FirebaseApp;)" line-rate="1" branch-rate="1" complexity="NaN">
              <lines>
                <line number="36" hits="1" branch="false" />
                <line number="37" hits="1" branch="false" />
                <line number="38" hits="1" branch="false" />
              </lines>
            </method>
            <method name="getDatabaseReference" signature="()" line-rate="0" branch-rate="1" complexity="NaN">
              <lines>
                <line number="47" hits="0" branch="false" />
                <line number="48" hits="0" branch="false" />
              </lines>
            </method>
            <method name="addDocument" signature="(Ljava/lang/String;Ljava/lang/String;Ljava/util/Map;)" line-rate="0.8181818181818182" branch-rate="1" complexity="NaN">
              <lines>
                <line number="62" hits="1" branch="false" />
                <line number="63" hits="1" branch="false" />
                <line number="64" hits="1" branch="false" />
                <line number="65" hits="1" branch="false" />
                <line number="67" hits="1" branch="false" />
                <line number="68" hits="1" branch="false" />
                <line number="69" hits="0" branch="false" />
                <line number="70" hits="0" branch="false" />
                <line number="71" hits="1" branch="false" />
                <line number="72" hits="1" branch="false" />
                <line number="73" hits="1" branch="false" />
              </lines>
            </method>
            <method name="removeDocument" signature="(Ljava/lang/String;Ljava/lang/String;)" line-rate="0.8181818181818182" branch-rate="1" complexity="NaN">
              <lines>
                <line number="85" hits="1" branch="false" />
                <line number="86" hits="1" branch="false" />
                <line number="87" hits="1" branch="false" />
                <line number="88" hits="1" branch="false" />
                <line number="90" hits="1" branch="false" />
                <line number="91" hits="1" branch="false" />
                <line number="92" hits="0" branch="false" />
                <line number="93" hits="0" branch="false" />
                <line number="94" hits="1" branch="false" />
                <line number="95" hits="1" branch="false" />
                <line number="96" hits="1" branch="false" />
              </lines>
            </method>
            <method name="getDocument" signature="(Ljava/lang/String;Ljava/lang/String;)" line-rate="0.8461538461538461" branch-rate="1" complexity="NaN">
              <lines>
                <line number="108" hits="1" branch="false" />
                <line number="109" hits="1" branch="false" />
                <line number="110" hits="1" branch="false" />
                <line number="111" hits="1" branch="false" />
                <line number="113" hits="1" branch="false" />
                <line number="114" hits="1" branch="true" condition-coverage="100% (2/2)" />
                <line number="115" hits="1" branch="false" />
                <line number="117" hits="1" branch="false" />
                <line number="119" hits="0" branch="false" />
                <line number="120" hits="0" branch="false" />
                <line number="121" hits="1" branch="false" />
                <line number="122" hits="1" branch="false" />
                <line number="123" hits="1" branch="false" />
              </lines>
            </method>
            <method name="getAllDocuments" signature="(Ljava/lang/String;)" line-rate="0" branch-rate="0" complexity="NaN">
              <lines>
                <line number="135" hits="0" branch="false" />
                <line number="136" hits="0" branch="false" />
                <line number="137" hits="0" branch="false" />
                <line number="138" hits="0" branch="false" />
                <line number="140" hits="0" branch="false" />
                <line number="141" hits="0" branch="false" />
                <line number="142" hits="0" branch="true" condition-coverage="0% (0/2)" />
                <line number="143" hits="0" branch="false" />
                <line number="144" hits="0" branch="false" />
                <line number="145" hits="0" branch="false" />
                <line number="146" hits="0" branch="false" />
                <line number="147" hits="0" branch="false" />
                <line number="148" hits="0" branch="false" />
                <line number="149" hits="0" branch="false" />
                <line number="150" hits="0" branch="false" />
                <line number="151" hits="0" branch="false" />
              </lines>
            </method>
            <method name="updateDocument" signature="(Ljava/lang/String;Ljava/lang/String;Ljava/util/Map;)" line-rate="0" branch-rate="1" complexity="NaN">
              <lines>
                <line number="165" hits="0" branch="false" />
                <line number="166" hits="0" branch="false" />
                <line number="167" hits="0" branch="false" />
                <line number="168" hits="0" branch="false" />
                <line number="170" hits="0" branch="false" />
                <line number="171" hits="0" branch="false" />
                <line number="172" hits="0" branch="false" />
                <line number="173" hits="0" branch="false" />
                <line number="174" hits="0" branch="false" />
                <line number="175" hits="0" branch="false" />
                <line number="176" hits="0" branch="false" />
              </lines>
            </method>
          </methods>
          <lines>
            <line number="36" hits="1" branch="false" />
            <line number="37" hits="1" branch="false" />
            <line number="38" hits="1" branch="false" />
            <line number="47" hits="0" branch="false" />
            <line number="48" hits="0" branch="false" />
            <line number="62" hits="1" branch="false" />
            <line number="63" hits="1" branch="false" />
            <line number="64" hits="1" branch="false" />
            <line number="65" hits="1" branch="false" />
            <line number="67" hits="1" branch="false" />
            <line number="68" hits="1" branch="false" />
            <line number="69" hits="0" branch="false" />
            <line number="70" hits="0" branch="false" />
            <line number="71" hits="1" branch="false" />
            <line number="72" hits="1" branch="false" />
            <line number="73" hits="1" branch="false" />
            <line number="85" hits="1" branch="false" />
            <line number="86" hits="1" branch="false" />
            <line number="87" hits="1" branch="false" />
            <line number="88" hits="1" branch="false" />
            <line number="90" hits="1" branch="false" />
            <line number="91" hits="1" branch="false" />
            <line number="92" hits="0" branch="false" />
            <line number="93" hits="0" branch="false" />
            <line number="94" hits="1" branch="false" />
            <line number="95" hits="1" branch="false" />
            <line number="96" hits="1" branch="false" />
            <line number="108" hits="1" branch="false" />
            <line number="109" hits="1" branch="false" />
            <line number="110" hits="1" branch="false" />
            <line number="111" hits="1" branch="false" />
            <line number="113" hits="1" branch="false" />
            <line number="114" hits="1" branch="true" condition-coverage="100% (2/2)" />
            <line number="115" hits="1" branch="false" />
            <line number="117" hits="1" branch="false" />
            <line number="119" hits="0" branch="false" />
            <line number="120" hits="0" branch="false" />
            <line number="121" hits="1" branch="false" />
            <line number="122" hits="1" branch="false" />
            <line number="123" hits="1" branch="false" />
            <line number="135" hits="0" branch="false" />
            <line number="136" hits="0" branch="false" />
            <line number="137" hits="0" branch="false" />
            <line number="138" hits="0" branch="false" />
            <line number="140" hits="0" branch="false" />
            <line number="141" hits="0" branch="false" />
            <line number="142" hits="0" branch="true" condition-coverage="0% (0/2)" />
            <line number="143" hits="0" branch="false" />
            <line number="144" hits="0" branch="false" />
            <line number="145" hits="0" branch="false" />
            <line number="146" hits="0" branch="false" />
            <line number="147" hits="0" branch="false" />
            <line number="148" hits="0" branch="false" />
            <line number="149" hits="0" branch="false" />
            <line number="150" hits="0" branch="false" />
            <line number="151" hits="0" branch="false" />
            <line number="165" hits="0" branch="false" />
            <line number="166" hits="0" branch="false" />
            <line number="167" hits="0" branch="false" />
            <line number="168" hits="0" branch="false" />
            <line number="170" hits="0" branch="false" />
            <line number="171" hits="0" branch="false" />
            <line number="172" hits="0" branch="false" />
            <line number="173" hits="0" branch="false" />
            <line number="174" hits="0" branch="false" />
            <line number="175" hits="0" branch="false" />
            <line number="176" hits="0" branch="false" />
          </lines>
        </class>
        <class name="dev/coms4156/project/druginteraction/Interaction" filename="src/main/java/dev/coms4156/project/druginteraction/Interaction.java" line-rate="0.6568627450980392" branch-rate="0.9285714285714286" complexity="NaN">
          <methods>
            <method name="&lt;init&gt;" signature="(Ldev/coms4156/project/druginteraction/FirebaseService;Lcom/google/cloud/firestore/Firestore;)" line-rate="1" branch-rate="1" complexity="NaN">
              <lines>
                <line number="26" hits="1" branch="false" />
                <line number="27" hits="1" branch="false" />
                <line number="28" hits="1" branch="false" />
                <line number="29" hits="1" branch="false" />
              </lines>
            </method>
            <method name="addInteraction" signature="(Ljava/lang/String;Ljava/lang/String;Ljava/lang/String;)" line-rate="0.8333333333333334" branch-rate="1" complexity="NaN">
              <lines>
                <line number="42" hits="1" branch="false" />
                <line number="43" hits="1" branch="false" />
                <line number="46" hits="1" branch="false" />
                <line number="47" hits="1" branch="false" />
                <line number="48" hits="1" branch="false" />
                <line number="49" hits="1" branch="false" />
                <line number="50" hits="1" branch="false" />
                <line number="51" hits="1" branch="false" />
                <line number="52" hits="1" branch="false" />
                <line number="53" hits="1" branch="false" />
                <line number="56" hits="1" branch="false" />
                <line number="59" hits="1" branch="false" />
                <line number="60" hits="1" branch="false" />
                <line number="61" hits="1" branch="false" />
                <line number="63" hits="1" branch="false" />
                <line number="64" hits="0" branch="false" />
                <line number="65" hits="0" branch="false" />
                <line number="66" hits="0" branch="false" />
              </lines>
            </method>
            <method name="generateRandomId" signature="(I)" line-rate="1" branch-rate="1" complexity="NaN">
              <lines>
                <line number="78" hits="1" branch="false" />
                <line number="79" hits="1" branch="false" />
                <line number="80" hits="1" branch="false" />
                <line number="82" hits="1" branch="true" condition-coverage="100% (2/2)" />
                <line number="83" hits="1" branch="false" />
                <line number="85" hits="1" branch="false" />
              </lines>
            </method>
            <method name="removeInteraction" signature="(Ljava/lang/String;Ljava/lang/String;Ljava/lang/String;)" line-rate="0.6666666666666666" branch-rate="0.75" complexity="NaN">
              <lines>
                <line number="99" hits="1" branch="false" />
                <line number="100" hits="1" branch="false" />
                <line number="101" hits="1" branch="false" />
                <line number="103" hits="1" branch="false" />
                <line number="105" hits="1" branch="true" condition-coverage="100% (2/2)" />
                <line number="107" hits="1" branch="false" />
                <line number="108" hits="1" branch="false" />
                <line number="109" hits="1" branch="false" />
                <line number="112" hits="1" branch="false" />
                <line number="113" hits="1" branch="false" />
                <line number="114" hits="1" branch="false" />
                <line number="116" hits="1" branch="false" />
                <line number="118" hits="1" branch="true" condition-coverage="50% (1/2)" />
                <line number="120" hits="0" branch="false" />
                <line number="121" hits="0" branch="false" />
                <line number="122" hits="0" branch="false" />
                <line number="123" hits="0" branch="false" />
                <line number="126" hits="1" branch="false" />
                <line number="129" hits="0" branch="false" />
                <line number="130" hits="0" branch="false" />
                <line number="131" hits="0" branch="false" />
              </lines>
            </method>
            <method name="getInteraction" signature="(Ljava/lang/String;Ljava/lang/String;)" line-rate="0.8421052631578947" branch-rate="1" complexity="NaN">
              <lines>
                <line number="145" hits="1" branch="false" />
                <line number="146" hits="1" branch="false" />
                <line number="147" hits="1" branch="false" />
                <line number="149" hits="1" branch="false" />
                <line number="151" hits="1" branch="true" condition-coverage="100% (2/2)" />
                <line number="153" hits="1" branch="false" />
                <line number="154" hits="1" branch="false" />
                <line number="157" hits="1" branch="false" />
                <line number="158" hits="1" branch="false" />
                <line number="159" hits="1" branch="false" />
                <line number="161" hits="1" branch="false" />
                <line number="163" hits="1" branch="true" condition-coverage="100% (2/2)" />
                <line number="165" hits="1" branch="false" />
                <line number="166" hits="1" branch="false" />
                <line number="167" hits="1" branch="false" />
                <line number="170" hits="1" branch="false" />
                <line number="173" hits="0" branch="false" />
                <line number="174" hits="0" branch="false" />
                <line number="175" hits="0" branch="false" />
              </lines>
            </method>
            <method name="getInteraction" signature="(Ljava/util/List;)" line-rate="0.631578947368421" branch-rate="1" complexity="NaN">
              <lines>
                <line number="186" hits="1" branch="false" />
                <line number="189" hits="1" branch="true" condition-coverage="100% (2/2)" />
                <line number="190" hits="1" branch="true" condition-coverage="100% (2/2)" />
                <line number="191" hits="1" branch="false" />
                <line number="192" hits="1" branch="false" />
                <line number="194" hits="1" branch="false" />
                <line number="195" hits="1" branch="false" />
                <line number="196" hits="1" branch="false" />
                <line number="197" hits="1" branch="false" />
                <line number="198" hits="1" branch="false" />
                <line number="201" hits="0" branch="false" />
                <line number="202" hits="0" branch="false" />
                <line number="203" hits="0" branch="false" />
                <line number="204" hits="0" branch="false" />
                <line number="205" hits="0" branch="false" />
                <line number="206" hits="0" branch="false" />
                <line number="207" hits="0" branch="false" />
                <line number="208" hits="1" branch="false" />
                <line number="210" hits="1" branch="false" />
              </lines>
            </method>
            <method name="updateInteraction" signature="(Ljava/lang/String;Ljava/lang/String;Ljava/lang/String;Ljava/lang/String;)" line-rate="0" branch-rate="1" complexity="NaN">
              <lines>
                <line number="226" hits="0" branch="false" />
                <line number="227" hits="0" branch="false" />
                <line number="230" hits="0" branch="false" />
                <line number="231" hits="0" branch="false" />
                <line number="232" hits="0" branch="false" />
                <line number="233" hits="0" branch="false" />
                <line number="234" hits="0" branch="false" />
                <line number="235" hits="0" branch="false" />
                <line number="238" hits="0" branch="false" />
                <line number="239" hits="0" branch="false" />
                <line number="240" hits="0" branch="false" />
                <line number="242" hits="0" branch="false" />
                <line number="243" hits="0" branch="false" />
                <line number="244" hits="0" branch="false" />
                <line number="245" hits="0" branch="false" />
              </lines>
            </method>
          </methods>
          <lines>
            <line number="26" hits="1" branch="false" />
            <line number="27" hits="1" branch="false" />
            <line number="28" hits="1" branch="false" />
            <line number="29" hits="1" branch="false" />
            <line number="42" hits="1" branch="false" />
            <line number="43" hits="1" branch="false" />
            <line number="46" hits="1" branch="false" />
            <line number="47" hits="1" branch="false" />
            <line number="48" hits="1" branch="false" />
            <line number="49" hits="1" branch="false" />
            <line number="50" hits="1" branch="false" />
            <line number="51" hits="1" branch="false" />
            <line number="52" hits="1" branch="false" />
            <line number="53" hits="1" branch="false" />
            <line number="56" hits="1" branch="false" />
            <line number="59" hits="1" branch="false" />
            <line number="60" hits="1" branch="false" />
            <line number="61" hits="1" branch="false" />
            <line number="63" hits="1" branch="false" />
            <line number="64" hits="0" branch="false" />
            <line number="65" hits="0" branch="false" />
            <line number="66" hits="0" branch="false" />
            <line number="78" hits="1" branch="false" />
            <line number="79" hits="1" branch="false" />
            <line number="80" hits="1" branch="false" />
            <line number="82" hits="1" branch="true" condition-coverage="100% (2/2)" />
            <line number="83" hits="1" branch="false" />
            <line number="85" hits="1" branch="false" />
            <line number="99" hits="1" branch="false" />
            <line number="100" hits="1" branch="false" />
            <line number="101" hits="1" branch="false" />
            <line number="103" hits="1" branch="false" />
            <line number="105" hits="1" branch="true" condition-coverage="100% (2/2)" />
            <line number="107" hits="1" branch="false" />
            <line number="108" hits="1" branch="false" />
            <line number="109" hits="1" branch="false" />
            <line number="112" hits="1" branch="false" />
            <line number="113" hits="1" branch="false" />
            <line number="114" hits="1" branch="false" />
            <line number="116" hits="1" branch="false" />
            <line number="118" hits="1" branch="true" condition-coverage="50% (1/2)" />
            <line number="120" hits="0" branch="false" />
            <line number="121" hits="0" branch="false" />
            <line number="122" hits="0" branch="false" />
            <line number="123" hits="0" branch="false" />
            <line number="126" hits="1" branch="false" />
            <line number="129" hits="0" branch="false" />
            <line number="130" hits="0" branch="false" />
            <line number="131" hits="0" branch="false" />
            <line number="145" hits="1" branch="false" />
            <line number="146" hits="1" branch="false" />
            <line number="147" hits="1" branch="false" />
            <line number="149" hits="1" branch="false" />
            <line number="151" hits="1" branch="true" condition-coverage="100% (2/2)" />
            <line number="153" hits="1" branch="false" />
            <line number="154" hits="1" branch="false" />
            <line number="157" hits="1" branch="false" />
            <line number="158" hits="1" branch="false" />
            <line number="159" hits="1" branch="false" />
            <line number="161" hits="1" branch="false" />
            <line number="163" hits="1" branch="true" condition-coverage="100% (2/2)" />
            <line number="165" hits="1" branch="false" />
            <line number="166" hits="1" branch="false" />
            <line number="167" hits="1" branch="false" />
            <line number="170" hits="1" branch="false" />
            <line number="173" hits="0" branch="false" />
            <line number="174" hits="0" branch="false" />
            <line number="175" hits="0" branch="false" />
            <line number="186" hits="1" branch="false" />
            <line number="189" hits="1" branch="true" condition-coverage="100% (2/2)" />
            <line number="190" hits="1" branch="true" condition-coverage="100% (2/2)" />
            <line number="191" hits="1" branch="false" />
            <line number="192" hits="1" branch="false" />
            <line number="194" hits="1" branch="false" />
            <line number="195" hits="1" branch="false" />
            <line number="196" hits="1" branch="false" />
            <line number="197" hits="1" branch="false" />
            <line number="198" hits="1" branch="false" />
            <line number="201" hits="0" branch="false" />
            <line number="202" hits="0" branch="false" />
            <line number="203" hits="0" branch="false" />
            <line number="204" hits="0" branch="false" />
            <line number="205" hits="0" branch="false" />
            <line number="206" hits="0" branch="false" />
            <line number="207" hits="0" branch="false" />
            <line number="208" hits="1" branch="false" />
            <line number="210" hits="1" branch="false" />
            <line number="226" hits="0" branch="false" />
            <line number="227" hits="0" branch="false" />
            <line number="230" hits="0" branch="false" />
            <line number="231" hits="0" branch="false" />
            <line number="232" hits="0" branch="false" />
            <line number="233" hits="0" branch="false" />
            <line number="234" hits="0" branch="false" />
            <line number="235" hits="0" branch="false" />
            <line number="238" hits="0" branch="false" />
            <line number="239" hits="0" branch="false" />
            <line number="240" hits="0" branch="false" />
            <line number="242" hits="0" branch="false" />
            <line number="243" hits="0" branch="false" />
            <line number="244" hits="0" branch="false" />
            <line number="245" hits="0" branch="false" />
          </lines>
        </class>
        <class name="dev/coms4156/project/druginteraction/RouteController" filename="src/main/java/dev/coms4156/project/druginteraction/RouteController.java" line-rate="0.4017094017094017" branch-rate="0.46551724137931033" complexity="NaN">
          <methods>
            <method name="&lt;init&gt;" signature="(Ldev/coms4156/project/druginteraction/Interaction;Ldev/coms4156/project/druginteraction/Drugs;)" line-rate="1" branch-rate="1" complexity="NaN">
              <lines>
                <line number="35" hits="1" branch="false" />
                <line number="36" hits="1" branch="false" />
                <line number="37" hits="1" branch="false" />
                <line number="38" hits="1" branch="false" />
              </lines>
            </method>
            <method name="getDrug" signature="(Ljava/lang/String;)" line-rate="0.625" branch-rate="0.6666666666666666" complexity="NaN">
              <lines>
                <line number="49" hits="1" branch="true" condition-coverage="50% (2/4)" />
                <line number="50" hits="0" branch="false" />
                <line number="54" hits="1" branch="false" />
                <line number="55" hits="1" branch="true" condition-coverage="100% (2/2)" />
                <line number="56" hits="1" branch="false" />
                <line number="58" hits="1" branch="false" />
                <line number="60" hits="0" branch="false" />
                <line number="61" hits="0" branch="false" />
              </lines>
            </method>
            <method name="addDrug" signature="(Ljava/util/Map;)" line-rate="0.6363636363636364" branch-rate="0.625" complexity="NaN">
              <lines>
                <line number="74" hits="1" branch="false" />
                <line number="75" hits="1" branch="true" condition-coverage="50% (2/4)" />
                <line number="76" hits="0" branch="false" />
                <line number="80" hits="1" branch="true" condition-coverage="100% (2/2)" />
                <line number="81" hits="1" branch="false" />
                <line number="84" hits="1" branch="false" />
                <line number="85" hits="1" branch="true" condition-coverage="50% (1/2)" />
                <line number="86" hits="1" branch="false" />
                <line number="88" hits="0" branch="false" />
                <line number="90" hits="0" branch="false" />
                <line number="91" hits="0" branch="false" />
              </lines>
            </method>
            <method name="updateDrug" signature="(Ljava/lang/String;Ljava/util/Map;)" line-rate="0.625" branch-rate="0.75" complexity="NaN">
              <lines>
                <line number="106" hits="1" branch="true" condition-coverage="100% (2/2)" />
                <line number="107" hits="1" branch="false" />
                <line number="110" hits="1" branch="false" />
                <line number="111" hits="1" branch="true" condition-coverage="50% (1/2)" />
                <line number="112" hits="1" branch="false" />
                <line number="114" hits="0" branch="false" />
                <line number="116" hits="0" branch="false" />
                <line number="117" hits="0" branch="false" />
              </lines>
            </method>
            <method name="removeDrug" signature="(Ljava/lang/String;)" line-rate="0.625" branch-rate="0.6666666666666666" complexity="NaN">
              <lines>
                <line number="130" hits="1" branch="true" condition-coverage="50% (2/4)" />
                <line number="131" hits="0" branch="false" />
                <line number="135" hits="1" branch="false" />
                <line number="136" hits="1" branch="true" condition-coverage="100% (2/2)" />
                <line number="137" hits="1" branch="false" />
                <line number="139" hits="1" branch="false" />
                <line number="141" hits="0" branch="false" />
                <line number="142" hits="0" branch="false" />
              </lines>
            </method>
            <method name="getAllDrugs" signature="()" line-rate="0.5" branch-rate="1" complexity="NaN">
              <lines>
                <line number="154" hits="1" branch="false" />
                <line number="155" hits="1" branch="false" />
                <line number="156" hits="0" branch="false" />
                <line number="157" hits="0" branch="false" />
              </lines>
            </method>
            <method name="getDrugInteractions" signature="(Ljava/lang/String;)" line-rate="0.5" branch-rate="1" complexity="NaN">
              <lines>
                <line number="170" hits="1" branch="false" />
                <line number="171" hits="1" branch="false" />
                <line number="172" hits="0" branch="false" />
                <line number="173" hits="0" branch="false" />
              </lines>
            </method>
            <method name="getInteraction" signature="(Ljava/lang/String;Ljava/lang/String;)" line-rate="0.7857142857142857" branch-rate="0.6666666666666666" complexity="NaN">
              <lines>
                <line number="188" hits="1" branch="true" condition-coverage="50% (4/8)" />
                <line number="189" hits="0" branch="false" />
                <line number="193" hits="1" branch="false" />
                <line number="195" hits="1" branch="false" />
                <line number="196" hits="1" branch="false" />
                <line number="198" hits="1" branch="false" />
                <line number="199" hits="1" branch="true" condition-coverage="100% (2/2)" />
                <line number="200" hits="1" branch="false" />
                <line number="202" hits="1" branch="true" condition-coverage="100% (2/2)" />
                <line number="203" hits="1" branch="false" />
                <line number="205" hits="1" branch="false" />
                <line number="208" hits="1" branch="false" />
                <line number="209" hits="0" branch="false" />
                <line number="210" hits="0" branch="false" />
              </lines>
            </method>
            <method name="getMultipleInteractions" signature="(Ljava/lang/String;Ljava/lang/String;Ljava/lang/String;Ljava/lang/String;Ljava/lang/String;)" line-rate="0" branch-rate="0" complexity="NaN">
              <lines>
                <line number="234" hits="0" branch="false" />
                <line number="235" hits="0" branch="false" />
                <line number="236" hits="0" branch="false" />
                <line number="237" hits="0" branch="true" condition-coverage="0% (0/2)" />
                <line number="238" hits="0" branch="false" />
                <line number="240" hits="0" branch="true" condition-coverage="0% (0/2)" />
                <line number="241" hits="0" branch="false" />
                <line number="243" hits="0" branch="true" condition-coverage="0% (0/2)" />
                <line number="244" hits="0" branch="false" />
                <line number="247" hits="0" branch="false" />
                <line number="249" hits="0" branch="false" />
                <line number="250" hits="0" branch="false" />
                <line number="251" hits="0" branch="false" />
                <line number="253" hits="0" branch="true" condition-coverage="0% (0/2)" />
                <line number="254" hits="0" branch="false" />
                <line number="255" hits="0" branch="false" />
                <line number="256" hits="0" branch="false" />
                <line number="258" hits="0" branch="false" />
                <line number="259" hits="0" branch="false" />
                <line number="261" hits="0" branch="true" condition-coverage="0% (0/2)" />
                <line number="262" hits="0" branch="false" />
                <line number="263" hits="0" branch="false" />
                <line number="265" hits="0" branch="false" />
                <line number="266" hits="0" branch="false" />
                <line number="268" hits="0" branch="false" />
                <line number="270" hits="0" branch="true" condition-coverage="0% (0/2)" />
                <line number="271" hits="0" branch="false" />
                <line number="273" hits="0" branch="true" condition-coverage="0% (0/2)" />
                <line number="274" hits="0" branch="false" />
                <line number="277" hits="0" branch="false" />
                <line number="278" hits="0" branch="false" />
                <line number="279" hits="0" branch="false" />
              </lines>
            </method>
            <method name="addInteraction" signature="(Ljava/lang/String;Ljava/lang/String;Ljava/lang/String;)" line-rate="0.6666666666666666" branch-rate="0.75" complexity="NaN">
              <lines>
                <line number="296" hits="1" branch="false" />
                <line number="297" hits="1" branch="true" condition-coverage="100% (2/2)" />
                <line number="298" hits="1" branch="false" />
                <line number="301" hits="1" branch="false" />
                <line number="302" hits="1" branch="true" condition-coverage="50% (1/2)" />
                <line number="303" hits="1" branch="false" />
                <line number="305" hits="0" branch="false" />
                <line number="307" hits="0" branch="false" />
                <line number="308" hits="0" branch="false" />
              </lines>
            </method>
            <method name="updateInteraction" signature="(Ljava/lang/String;Ljava/lang/String;Ljava/lang/String;Ljava/lang/String;)" line-rate="0" branch-rate="0" complexity="NaN">
              <lines>
                <line number="327" hits="0" branch="false" />
                <line number="328" hits="0" branch="false" />
                <line number="329" hits="0" branch="true" condition-coverage="0% (0/2)" />
                <line number="330" hits="0" branch="false" />
                <line number="332" hits="0" branch="false" />
                <line number="334" hits="0" branch="false" />
                <line number="335" hits="0" branch="false" />
              </lines>
            </method>
            <method name="deleteInteraction" signature="(Ljava/lang/String;Ljava/lang/String;Ljava/lang/String;)" line-rate="0" branch-rate="0" complexity="NaN">
              <lines>
                <line number="352" hits="0" branch="false" />
                <line number="353" hits="0" branch="true" condition-coverage="0% (0/2)" />
                <line number="354" hits="0" branch="false" />
                <line number="356" hits="0" branch="false" />
                <line number="358" hits="0" branch="false" />
                <line number="359" hits="0" branch="false" />
              </lines>
            </method>
            <method name="handleException" signature="(Ljava/lang/Exception;)" line-rate="0" branch-rate="1" complexity="NaN">
              <lines>
                <line number="370" hits="0" branch="false" />
                <line number="371" hits="0" branch="false" />
              </lines>
            </method>
          </methods>
          <lines>
            <line number="35" hits="1" branch="false" />
            <line number="36" hits="1" branch="false" />
            <line number="37" hits="1" branch="false" />
            <line number="38" hits="1" branch="false" />
            <line number="49" hits="1" branch="true" condition-coverage="50% (2/4)" />
            <line number="50" hits="0" branch="false" />
            <line number="54" hits="1" branch="false" />
            <line number="55" hits="1" branch="true" condition-coverage="100% (2/2)" />
            <line number="56" hits="1" branch="false" />
            <line number="58" hits="1" branch="false" />
            <line number="60" hits="0" branch="false" />
            <line number="61" hits="0" branch="false" />
            <line number="74" hits="1" branch="false" />
            <line number="75" hits="1" branch="true" condition-coverage="50% (2/4)" />
            <line number="76" hits="0" branch="false" />
            <line number="80" hits="1" branch="true" condition-coverage="100% (2/2)" />
            <line number="81" hits="1" branch="false" />
            <line number="84" hits="1" branch="false" />
            <line number="85" hits="1" branch="true" condition-coverage="50% (1/2)" />
            <line number="86" hits="1" branch="false" />
            <line number="88" hits="0" branch="false" />
            <line number="90" hits="0" branch="false" />
            <line number="91" hits="0" branch="false" />
            <line number="106" hits="1" branch="true" condition-coverage="100% (2/2)" />
            <line number="107" hits="1" branch="false" />
            <line number="110" hits="1" branch="false" />
            <line number="111" hits="1" branch="true" condition-coverage="50% (1/2)" />
            <line number="112" hits="1" branch="false" />
            <line number="114" hits="0" branch="false" />
            <line number="116" hits="0" branch="false" />
            <line number="117" hits="0" branch="false" />
            <line number="130" hits="1" branch="true" condition-coverage="50% (2/4)" />
            <line number="131" hits="0" branch="false" />
            <line number="135" hits="1" branch="false" />
            <line number="136" hits="1" branch="true" condition-coverage="100% (2/2)" />
            <line number="137" hits="1" branch="false" />
            <line number="139" hits="1" branch="false" />
            <line number="141" hits="0" branch="false" />
            <line number="142" hits="0" branch="false" />
            <line number="154" hits="1" branch="false" />
            <line number="155" hits="1" branch="false" />
            <line number="156" hits="0" branch="false" />
            <line number="157" hits="0" branch="false" />
            <line number="170" hits="1" branch="false" />
            <line number="171" hits="1" branch="false" />
            <line number="172" hits="0" branch="false" />
            <line number="173" hits="0" branch="false" />
            <line number="188" hits="1" branch="true" condition-coverage="50% (4/8)" />
            <line number="189" hits="0" branch="false" />
            <line number="193" hits="1" branch="false" />
            <line number="195" hits="1" branch="false" />
            <line number="196" hits="1" branch="false" />
            <line number="198" hits="1" branch="false" />
            <line number="199" hits="1" branch="true" condition-coverage="100% (2/2)" />
            <line number="200" hits="1" branch="false" />
            <line number="202" hits="1" branch="true" condition-coverage="100% (2/2)" />
            <line number="203" hits="1" branch="false" />
            <line number="205" hits="1" branch="false" />
            <line number="208" hits="1" branch="false" />
            <line number="209" hits="0" branch="false" />
            <line number="210" hits="0" branch="false" />
            <line number="234" hits="0" branch="false" />
            <line number="235" hits="0" branch="false" />
            <line number="236" hits="0" branch="false" />
            <line number="237" hits="0" branch="true" condition-coverage="0% (0/2)" />
            <line number="238" hits="0" branch="false" />
            <line number="240" hits="0" branch="true" condition-coverage="0% (0/2)" />
            <line number="241" hits="0" branch="false" />
            <line number="243" hits="0" branch="true" condition-coverage="0% (0/2)" />
            <line number="244" hits="0" branch="false" />
            <line number="247" hits="0" branch="false" />
            <line number="249" hits="0" branch="false" />
            <line number="250" hits="0" branch="false" />
            <line number="251" hits="0" branch="false" />
            <line number="253" hits="0" branch="true" condition-coverage="0% (0/2)" />
            <line number="254" hits="0" branch="false" />
            <line number="255" hits="0" branch="false" />
            <line number="256" hits="0" branch="false" />
            <line number="258" hits="0" branch="false" />
            <line number="259" hits="0" branch="false" />
            <line number="261" hits="0" branch="true" condition-coverage="0% (0/2)" />
            <line number="262" hits="0" branch="false" />
            <line number="263" hits="0" branch="false" />
            <line number="265" hits="0" branch="false" />
            <line number="266" hits="0" branch="false" />
            <line number="268" hits="0" branch="false" />
            <line number="270" hits="0" branch="true" condition-coverage="0% (0/2)" />
            <line number="271" hits="0" branch="false" />
            <line number="273" hits="0" branch="true" condition-coverage="0% (0/2)" />
            <line number="274" hits="0" branch="false" />
            <line number="277" hits="0" branch="false" />
            <line number="278" hits="0" branch="false" />
            <line number="279" hits="0" branch="false" />
            <line number="296" hits="1" branch="false" />
            <line number="297" hits="1" branch="true" condition-coverage="100% (2/2)" />
            <line number="298" hits="1" branch="false" />
            <line number="301" hits="1" branch="false" />
            <line number="302" hits="1" branch="true" condition-coverage="50% (1/2)" />
            <line number="303" hits="1" branch="false" />
            <line number="305" hits="0" branch="false" />
            <line number="307" hits="0" branch="false" />
            <line number="308" hits="0" branch="false" />
            <line number="327" hits="0" branch="false" />
            <line number="328" hits="0" branch="false" />
            <line number="329" hits="0" branch="true" condition-coverage="0% (0/2)" />
            <line number="330" hits="0" branch="false" />
            <line number="332" hits="0" branch="false" />
            <line number="334" hits="0" branch="false" />
            <line number="335" hits="0" branch="false" />
            <line number="352" hits="0" branch="false" />
            <line number="353" hits="0" branch="true" condition-coverage="0% (0/2)" />
            <line number="354" hits="0" branch="false" />
            <line number="356" hits="0" branch="false" />
            <line number="358" hits="0" branch="false" />
            <line number="359" hits="0" branch="false" />
            <line number="370" hits="0" branch="false" />
            <line number="371" hits="0" branch="false" />
          </lines>
        </class>
      </classes>
    </package>
  </packages>
</coverage>